ARM GAS  C:\Users\BHUPEN~1\AppData\Local\Temp\ccDzeJCK.s 			page 1


   1              		.cpu cortex-m4
   2              		.arch armv7e-m
   3              		.fpu fpv4-sp-d16
   4              		.eabi_attribute 27, 1
   5              		.eabi_attribute 28, 1
   6              		.eabi_attribute 20, 1
   7              		.eabi_attribute 21, 1
   8              		.eabi_attribute 23, 3
   9              		.eabi_attribute 24, 1
  10              		.eabi_attribute 25, 1
  11              		.eabi_attribute 26, 1
  12              		.eabi_attribute 30, 1
  13              		.eabi_attribute 34, 1
  14              		.eabi_attribute 18, 4
  15              		.file	"rtc.c"
  16              		.text
  17              	.Ltext0:
  18              		.cfi_sections	.debug_frame
  19              		.section	.text.MX_RTC_Init,"ax",%progbits
  20              		.align	1
  21              		.global	MX_RTC_Init
  22              		.syntax unified
  23              		.thumb
  24              		.thumb_func
  26              	MX_RTC_Init:
  27              	.LFB134:
  28              		.file 1 "Core/Src/rtc.c"
   1:Core/Src/rtc.c **** /* USER CODE BEGIN Header */
   2:Core/Src/rtc.c **** /**
   3:Core/Src/rtc.c ****   ******************************************************************************
   4:Core/Src/rtc.c ****   * @file    rtc.c
   5:Core/Src/rtc.c ****   * @brief   This file provides code for the configuration
   6:Core/Src/rtc.c ****   *          of the RTC instances.
   7:Core/Src/rtc.c ****   ******************************************************************************
   8:Core/Src/rtc.c ****   * @attention
   9:Core/Src/rtc.c ****   *
  10:Core/Src/rtc.c ****   * Copyright (c) 2024 STMicroelectronics.
  11:Core/Src/rtc.c ****   * All rights reserved.
  12:Core/Src/rtc.c ****   *
  13:Core/Src/rtc.c ****   * This software is licensed under terms that can be found in the LICENSE file
  14:Core/Src/rtc.c ****   * in the root directory of this software component.
  15:Core/Src/rtc.c ****   * If no LICENSE file comes with this software, it is provided AS-IS.
  16:Core/Src/rtc.c ****   *
  17:Core/Src/rtc.c ****   ******************************************************************************
  18:Core/Src/rtc.c ****   */
  19:Core/Src/rtc.c **** /* USER CODE END Header */
  20:Core/Src/rtc.c **** /* Includes ------------------------------------------------------------------*/
  21:Core/Src/rtc.c **** #include "rtc.h"
  22:Core/Src/rtc.c **** 
  23:Core/Src/rtc.c **** /* USER CODE BEGIN 0 */
  24:Core/Src/rtc.c **** 
  25:Core/Src/rtc.c **** /* USER CODE END 0 */
  26:Core/Src/rtc.c **** 
  27:Core/Src/rtc.c **** RTC_HandleTypeDef hrtc;
  28:Core/Src/rtc.c **** 
  29:Core/Src/rtc.c **** /* RTC init function */
  30:Core/Src/rtc.c **** void MX_RTC_Init(void)
ARM GAS  C:\Users\BHUPEN~1\AppData\Local\Temp\ccDzeJCK.s 			page 2


  31:Core/Src/rtc.c **** {
  29              		.loc 1 31 1 view -0
  30              		.cfi_startproc
  31              		@ args = 0, pretend = 0, frame = 0
  32              		@ frame_needed = 0, uses_anonymous_args = 0
  33 0000 08B5     		push	{r3, lr}
  34              	.LCFI0:
  35              		.cfi_def_cfa_offset 8
  36              		.cfi_offset 3, -8
  37              		.cfi_offset 14, -4
  32:Core/Src/rtc.c **** 
  33:Core/Src/rtc.c ****   /* USER CODE BEGIN RTC_Init 0 */
  34:Core/Src/rtc.c **** 
  35:Core/Src/rtc.c ****   /* USER CODE END RTC_Init 0 */
  36:Core/Src/rtc.c **** 
  37:Core/Src/rtc.c ****   /* USER CODE BEGIN RTC_Init 1 */
  38:Core/Src/rtc.c **** 
  39:Core/Src/rtc.c ****   /* USER CODE END RTC_Init 1 */
  40:Core/Src/rtc.c **** 
  41:Core/Src/rtc.c ****   /** Initialize RTC Only
  42:Core/Src/rtc.c ****   */
  43:Core/Src/rtc.c ****   hrtc.Instance = RTC;
  38              		.loc 1 43 3 view .LVU1
  39              		.loc 1 43 17 is_stmt 0 view .LVU2
  40 0002 0948     		ldr	r0, .L5
  41 0004 094B     		ldr	r3, .L5+4
  42 0006 0360     		str	r3, [r0]
  44:Core/Src/rtc.c ****   hrtc.Init.HourFormat = RTC_HOURFORMAT_24;
  43              		.loc 1 44 3 is_stmt 1 view .LVU3
  44              		.loc 1 44 24 is_stmt 0 view .LVU4
  45 0008 0023     		movs	r3, #0
  46 000a 4360     		str	r3, [r0, #4]
  45:Core/Src/rtc.c ****   hrtc.Init.AsynchPrediv = 127;
  47              		.loc 1 45 3 is_stmt 1 view .LVU5
  48              		.loc 1 45 26 is_stmt 0 view .LVU6
  49 000c 7F22     		movs	r2, #127
  50 000e 8260     		str	r2, [r0, #8]
  46:Core/Src/rtc.c ****   hrtc.Init.SynchPrediv = 255;
  51              		.loc 1 46 3 is_stmt 1 view .LVU7
  52              		.loc 1 46 25 is_stmt 0 view .LVU8
  53 0010 FF22     		movs	r2, #255
  54 0012 C260     		str	r2, [r0, #12]
  47:Core/Src/rtc.c ****   hrtc.Init.OutPut = RTC_OUTPUT_DISABLE;
  55              		.loc 1 47 3 is_stmt 1 view .LVU9
  56              		.loc 1 47 20 is_stmt 0 view .LVU10
  57 0014 0361     		str	r3, [r0, #16]
  48:Core/Src/rtc.c ****   hrtc.Init.OutPutPolarity = RTC_OUTPUT_POLARITY_HIGH;
  58              		.loc 1 48 3 is_stmt 1 view .LVU11
  59              		.loc 1 48 28 is_stmt 0 view .LVU12
  60 0016 4361     		str	r3, [r0, #20]
  49:Core/Src/rtc.c ****   hrtc.Init.OutPutType = RTC_OUTPUT_TYPE_OPENDRAIN;
  61              		.loc 1 49 3 is_stmt 1 view .LVU13
  62              		.loc 1 49 24 is_stmt 0 view .LVU14
  63 0018 8361     		str	r3, [r0, #24]
  50:Core/Src/rtc.c ****   if (HAL_RTC_Init(&hrtc) != HAL_OK)
  64              		.loc 1 50 3 is_stmt 1 view .LVU15
  65              		.loc 1 50 7 is_stmt 0 view .LVU16
ARM GAS  C:\Users\BHUPEN~1\AppData\Local\Temp\ccDzeJCK.s 			page 3


  66 001a FFF7FEFF 		bl	HAL_RTC_Init
  67              	.LVL0:
  68              		.loc 1 50 6 view .LVU17
  69 001e 00B9     		cbnz	r0, .L4
  70              	.L1:
  51:Core/Src/rtc.c ****   {
  52:Core/Src/rtc.c ****     Error_Handler();
  53:Core/Src/rtc.c ****   }
  54:Core/Src/rtc.c ****   /* USER CODE BEGIN RTC_Init 2 */
  55:Core/Src/rtc.c **** 
  56:Core/Src/rtc.c ****   /* USER CODE END RTC_Init 2 */
  57:Core/Src/rtc.c **** 
  58:Core/Src/rtc.c **** }
  71              		.loc 1 58 1 view .LVU18
  72 0020 08BD     		pop	{r3, pc}
  73              	.L4:
  52:Core/Src/rtc.c ****   }
  74              		.loc 1 52 5 is_stmt 1 view .LVU19
  75 0022 FFF7FEFF 		bl	Error_Handler
  76              	.LVL1:
  77              		.loc 1 58 1 is_stmt 0 view .LVU20
  78 0026 FBE7     		b	.L1
  79              	.L6:
  80              		.align	2
  81              	.L5:
  82 0028 00000000 		.word	.LANCHOR0
  83 002c 00280040 		.word	1073752064
  84              		.cfi_endproc
  85              	.LFE134:
  87              		.section	.text.HAL_RTC_MspInit,"ax",%progbits
  88              		.align	1
  89              		.global	HAL_RTC_MspInit
  90              		.syntax unified
  91              		.thumb
  92              		.thumb_func
  94              	HAL_RTC_MspInit:
  95              	.LVL2:
  96              	.LFB135:
  59:Core/Src/rtc.c **** 
  60:Core/Src/rtc.c **** void HAL_RTC_MspInit(RTC_HandleTypeDef* rtcHandle)
  61:Core/Src/rtc.c **** {
  97              		.loc 1 61 1 is_stmt 1 view -0
  98              		.cfi_startproc
  99              		@ args = 0, pretend = 0, frame = 24
 100              		@ frame_needed = 0, uses_anonymous_args = 0
 101              		.loc 1 61 1 is_stmt 0 view .LVU22
 102 0000 00B5     		push	{lr}
 103              	.LCFI1:
 104              		.cfi_def_cfa_offset 4
 105              		.cfi_offset 14, -4
 106 0002 87B0     		sub	sp, sp, #28
 107              	.LCFI2:
 108              		.cfi_def_cfa_offset 32
  62:Core/Src/rtc.c **** 
  63:Core/Src/rtc.c ****   RCC_PeriphCLKInitTypeDef PeriphClkInitStruct = {0};
 109              		.loc 1 63 3 is_stmt 1 view .LVU23
 110              		.loc 1 63 28 is_stmt 0 view .LVU24
ARM GAS  C:\Users\BHUPEN~1\AppData\Local\Temp\ccDzeJCK.s 			page 4


 111 0004 0023     		movs	r3, #0
 112 0006 0193     		str	r3, [sp, #4]
 113 0008 0293     		str	r3, [sp, #8]
 114 000a 0393     		str	r3, [sp, #12]
 115 000c 0493     		str	r3, [sp, #16]
 116 000e 0593     		str	r3, [sp, #20]
  64:Core/Src/rtc.c ****   if(rtcHandle->Instance==RTC)
 117              		.loc 1 64 3 is_stmt 1 view .LVU25
 118              		.loc 1 64 15 is_stmt 0 view .LVU26
 119 0010 0268     		ldr	r2, [r0]
 120              		.loc 1 64 5 view .LVU27
 121 0012 0B4B     		ldr	r3, .L13
 122 0014 9A42     		cmp	r2, r3
 123 0016 02D0     		beq	.L11
 124              	.LVL3:
 125              	.L7:
  65:Core/Src/rtc.c ****   {
  66:Core/Src/rtc.c ****   /* USER CODE BEGIN RTC_MspInit 0 */
  67:Core/Src/rtc.c **** 
  68:Core/Src/rtc.c ****   /* USER CODE END RTC_MspInit 0 */
  69:Core/Src/rtc.c **** 
  70:Core/Src/rtc.c ****   /** Initializes the peripherals clock
  71:Core/Src/rtc.c ****   */
  72:Core/Src/rtc.c ****     PeriphClkInitStruct.PeriphClockSelection = RCC_PERIPHCLK_RTC;
  73:Core/Src/rtc.c ****     PeriphClkInitStruct.RTCClockSelection = RCC_RTCCLKSOURCE_LSI;
  74:Core/Src/rtc.c ****     if (HAL_RCCEx_PeriphCLKConfig(&PeriphClkInitStruct) != HAL_OK)
  75:Core/Src/rtc.c ****     {
  76:Core/Src/rtc.c ****       Error_Handler();
  77:Core/Src/rtc.c ****     }
  78:Core/Src/rtc.c **** 
  79:Core/Src/rtc.c ****     /* RTC clock enable */
  80:Core/Src/rtc.c ****     __HAL_RCC_RTC_ENABLE();
  81:Core/Src/rtc.c ****   /* USER CODE BEGIN RTC_MspInit 1 */
  82:Core/Src/rtc.c **** 
  83:Core/Src/rtc.c ****   /* USER CODE END RTC_MspInit 1 */
  84:Core/Src/rtc.c ****   }
  85:Core/Src/rtc.c **** }
 126              		.loc 1 85 1 view .LVU28
 127 0018 07B0     		add	sp, sp, #28
 128              	.LCFI3:
 129              		.cfi_remember_state
 130              		.cfi_def_cfa_offset 4
 131              		@ sp needed
 132 001a 5DF804FB 		ldr	pc, [sp], #4
 133              	.LVL4:
 134              	.L11:
 135              	.LCFI4:
 136              		.cfi_restore_state
  72:Core/Src/rtc.c ****     PeriphClkInitStruct.RTCClockSelection = RCC_RTCCLKSOURCE_LSI;
 137              		.loc 1 72 5 is_stmt 1 view .LVU29
  72:Core/Src/rtc.c ****     PeriphClkInitStruct.RTCClockSelection = RCC_RTCCLKSOURCE_LSI;
 138              		.loc 1 72 46 is_stmt 0 view .LVU30
 139 001e 0223     		movs	r3, #2
 140 0020 0193     		str	r3, [sp, #4]
  73:Core/Src/rtc.c ****     if (HAL_RCCEx_PeriphCLKConfig(&PeriphClkInitStruct) != HAL_OK)
 141              		.loc 1 73 5 is_stmt 1 view .LVU31
  73:Core/Src/rtc.c ****     if (HAL_RCCEx_PeriphCLKConfig(&PeriphClkInitStruct) != HAL_OK)
ARM GAS  C:\Users\BHUPEN~1\AppData\Local\Temp\ccDzeJCK.s 			page 5


 142              		.loc 1 73 43 is_stmt 0 view .LVU32
 143 0022 4FF40073 		mov	r3, #512
 144 0026 0493     		str	r3, [sp, #16]
  74:Core/Src/rtc.c ****     {
 145              		.loc 1 74 5 is_stmt 1 view .LVU33
  74:Core/Src/rtc.c ****     {
 146              		.loc 1 74 9 is_stmt 0 view .LVU34
 147 0028 01A8     		add	r0, sp, #4
 148              	.LVL5:
  74:Core/Src/rtc.c ****     {
 149              		.loc 1 74 9 view .LVU35
 150 002a FFF7FEFF 		bl	HAL_RCCEx_PeriphCLKConfig
 151              	.LVL6:
  74:Core/Src/rtc.c ****     {
 152              		.loc 1 74 8 view .LVU36
 153 002e 20B9     		cbnz	r0, .L12
 154              	.L9:
  80:Core/Src/rtc.c ****   /* USER CODE BEGIN RTC_MspInit 1 */
 155              		.loc 1 80 5 is_stmt 1 view .LVU37
 156 0030 044B     		ldr	r3, .L13+4
 157 0032 0122     		movs	r2, #1
 158 0034 C3F83C2E 		str	r2, [r3, #3644]
 159              		.loc 1 85 1 is_stmt 0 view .LVU38
 160 0038 EEE7     		b	.L7
 161              	.L12:
  76:Core/Src/rtc.c ****     }
 162              		.loc 1 76 7 is_stmt 1 view .LVU39
 163 003a FFF7FEFF 		bl	Error_Handler
 164              	.LVL7:
 165 003e F7E7     		b	.L9
 166              	.L14:
 167              		.align	2
 168              	.L13:
 169 0040 00280040 		.word	1073752064
 170 0044 00004742 		.word	1111949312
 171              		.cfi_endproc
 172              	.LFE135:
 174              		.section	.text.HAL_RTC_MspDeInit,"ax",%progbits
 175              		.align	1
 176              		.global	HAL_RTC_MspDeInit
 177              		.syntax unified
 178              		.thumb
 179              		.thumb_func
 181              	HAL_RTC_MspDeInit:
 182              	.LVL8:
 183              	.LFB136:
  86:Core/Src/rtc.c **** 
  87:Core/Src/rtc.c **** void HAL_RTC_MspDeInit(RTC_HandleTypeDef* rtcHandle)
  88:Core/Src/rtc.c **** {
 184              		.loc 1 88 1 view -0
 185              		.cfi_startproc
 186              		@ args = 0, pretend = 0, frame = 0
 187              		@ frame_needed = 0, uses_anonymous_args = 0
 188              		@ link register save eliminated.
  89:Core/Src/rtc.c **** 
  90:Core/Src/rtc.c ****   if(rtcHandle->Instance==RTC)
 189              		.loc 1 90 3 view .LVU41
ARM GAS  C:\Users\BHUPEN~1\AppData\Local\Temp\ccDzeJCK.s 			page 6


 190              		.loc 1 90 15 is_stmt 0 view .LVU42
 191 0000 0268     		ldr	r2, [r0]
 192              		.loc 1 90 5 view .LVU43
 193 0002 044B     		ldr	r3, .L18
 194 0004 9A42     		cmp	r2, r3
 195 0006 00D0     		beq	.L17
 196              	.L15:
  91:Core/Src/rtc.c ****   {
  92:Core/Src/rtc.c ****   /* USER CODE BEGIN RTC_MspDeInit 0 */
  93:Core/Src/rtc.c **** 
  94:Core/Src/rtc.c ****   /* USER CODE END RTC_MspDeInit 0 */
  95:Core/Src/rtc.c ****     /* Peripheral clock disable */
  96:Core/Src/rtc.c ****     __HAL_RCC_RTC_DISABLE();
  97:Core/Src/rtc.c ****   /* USER CODE BEGIN RTC_MspDeInit 1 */
  98:Core/Src/rtc.c **** 
  99:Core/Src/rtc.c ****   /* USER CODE END RTC_MspDeInit 1 */
 100:Core/Src/rtc.c ****   }
 101:Core/Src/rtc.c **** }
 197              		.loc 1 101 1 view .LVU44
 198 0008 7047     		bx	lr
 199              	.L17:
  96:Core/Src/rtc.c ****   /* USER CODE BEGIN RTC_MspDeInit 1 */
 200              		.loc 1 96 5 is_stmt 1 view .LVU45
 201 000a 034B     		ldr	r3, .L18+4
 202 000c 0022     		movs	r2, #0
 203 000e C3F83C2E 		str	r2, [r3, #3644]
 204              		.loc 1 101 1 is_stmt 0 view .LVU46
 205 0012 F9E7     		b	.L15
 206              	.L19:
 207              		.align	2
 208              	.L18:
 209 0014 00280040 		.word	1073752064
 210 0018 00004742 		.word	1111949312
 211              		.cfi_endproc
 212              	.LFE136:
 214              		.global	hrtc
 215              		.section	.bss.hrtc,"aw",%nobits
 216              		.align	2
 217              		.set	.LANCHOR0,. + 0
 220              	hrtc:
 221 0000 00000000 		.space	32
 221      00000000 
 221      00000000 
 221      00000000 
 221      00000000 
 222              		.text
 223              	.Letext0:
 224              		.file 2 "c:\\st\\stm32cubeclt\\gnu-tools-for-stm32\\arm-none-eabi\\include\\machine\\_default_type
 225              		.file 3 "c:\\st\\stm32cubeclt\\gnu-tools-for-stm32\\arm-none-eabi\\include\\sys\\_stdint.h"
 226              		.file 4 "Drivers/CMSIS/Device/ST/STM32F4xx/Include/stm32f401xe.h"
 227              		.file 5 "Drivers/CMSIS/Device/ST/STM32F4xx/Include/stm32f4xx.h"
 228              		.file 6 "Drivers/STM32F4xx_HAL_Driver/Inc/stm32f4xx_hal_def.h"
 229              		.file 7 "Drivers/STM32F4xx_HAL_Driver/Inc/stm32f4xx_hal_rcc_ex.h"
 230              		.file 8 "Drivers/STM32F4xx_HAL_Driver/Inc/stm32f4xx_hal_rtc.h"
 231              		.file 9 "Core/Inc/rtc.h"
 232              		.file 10 "Core/Inc/main.h"
ARM GAS  C:\Users\BHUPEN~1\AppData\Local\Temp\ccDzeJCK.s 			page 7


DEFINED SYMBOLS
                            *ABS*:0000000000000000 rtc.c
C:\Users\BHUPEN~1\AppData\Local\Temp\ccDzeJCK.s:20     .text.MX_RTC_Init:0000000000000000 $t
C:\Users\BHUPEN~1\AppData\Local\Temp\ccDzeJCK.s:26     .text.MX_RTC_Init:0000000000000000 MX_RTC_Init
C:\Users\BHUPEN~1\AppData\Local\Temp\ccDzeJCK.s:82     .text.MX_RTC_Init:0000000000000028 $d
C:\Users\BHUPEN~1\AppData\Local\Temp\ccDzeJCK.s:88     .text.HAL_RTC_MspInit:0000000000000000 $t
C:\Users\BHUPEN~1\AppData\Local\Temp\ccDzeJCK.s:94     .text.HAL_RTC_MspInit:0000000000000000 HAL_RTC_MspInit
C:\Users\BHUPEN~1\AppData\Local\Temp\ccDzeJCK.s:169    .text.HAL_RTC_MspInit:0000000000000040 $d
C:\Users\BHUPEN~1\AppData\Local\Temp\ccDzeJCK.s:175    .text.HAL_RTC_MspDeInit:0000000000000000 $t
C:\Users\BHUPEN~1\AppData\Local\Temp\ccDzeJCK.s:181    .text.HAL_RTC_MspDeInit:0000000000000000 HAL_RTC_MspDeInit
C:\Users\BHUPEN~1\AppData\Local\Temp\ccDzeJCK.s:209    .text.HAL_RTC_MspDeInit:0000000000000014 $d
C:\Users\BHUPEN~1\AppData\Local\Temp\ccDzeJCK.s:220    .bss.hrtc:0000000000000000 hrtc
C:\Users\BHUPEN~1\AppData\Local\Temp\ccDzeJCK.s:216    .bss.hrtc:0000000000000000 $d

UNDEFINED SYMBOLS
HAL_RTC_Init
Error_Handler
HAL_RCCEx_PeriphCLKConfig
